[0m20:45:56.468882 [debug] [MainThread]: Sending event: {'category': 'dbt', 'action': 'invocation', 'label': 'start', 'context': [<snowplow_tracker.self_describing_json.SelfDescribingJson object at 0x000001BE5849E180>, <snowplow_tracker.self_describing_json.SelfDescribingJson object at 0x000001BE554D6CF0>, <snowplow_tracker.self_describing_json.SelfDescribingJson object at 0x000001BE58334680>]}


============================== 20:45:56.476396 | ebd618d8-91cc-479d-bd2d-b8dd9a14b5b7 ==============================
[0m20:45:56.476396 [info ] [MainThread]: Running with dbt=1.8.3
[0m20:45:56.477402 [debug] [MainThread]: running dbt with arguments {'printer_width': '80', 'indirect_selection': 'eager', 'log_cache_events': 'False', 'write_json': 'True', 'partial_parse': 'True', 'cache_selected_only': 'False', 'warn_error': 'None', 'fail_fast': 'False', 'debug': 'False', 'log_path': 'logs', 'version_check': 'True', 'profiles_dir': './', 'use_colors': 'True', 'use_experimental_parser': 'False', 'empty': 'None', 'quiet': 'False', 'no_print': 'None', 'warn_error_options': 'WarnErrorOptions(include=[], exclude=[])', 'static_parser': 'True', 'introspect': 'True', 'invocation_command': 'dbt init --profiles-dir ./', 'target_path': 'None', 'log_format': 'default', 'send_anonymous_usage_stats': 'True'}
[0m20:46:14.604195 [debug] [MainThread]: Starter project path: D:\week_4\.venv\Lib\site-packages\dbt\include\starter_project
[0m20:46:14.678567 [info ] [MainThread]: 
Your new dbt project "brazillian_ecom" was created!

For more information on how to configure the profiles.yml file,
please consult the dbt documentation here:

  https://docs.getdbt.com/docs/configure-your-profile

One more thing:

Need help? Don't hesitate to reach out to us via GitHub issues or on Slack:

  https://community.getdbt.com/

Happy modeling!

[0m20:46:14.686178 [info ] [MainThread]: Setting up your profile.
[0m20:51:07.679684 [info ] [MainThread]: Profile brazillian_ecom written to profiles.yml using target's profile_template.yml and your supplied values. Run 'dbt debug' to validate the connection.
[0m20:51:07.684810 [debug] [MainThread]: Command `dbt init` succeeded at 20:51:07.683796 after 311.75 seconds
[0m20:51:07.685794 [debug] [MainThread]: Sending event: {'category': 'dbt', 'action': 'invocation', 'label': 'end', 'context': [<snowplow_tracker.self_describing_json.SelfDescribingJson object at 0x000001BE583F1DC0>, <snowplow_tracker.self_describing_json.SelfDescribingJson object at 0x000001BE585ED250>, <snowplow_tracker.self_describing_json.SelfDescribingJson object at 0x000001BE582184A0>]}
[0m20:51:07.687799 [debug] [MainThread]: Flushing usage events
[0m20:51:26.671973 [debug] [MainThread]: Sending event: {'category': 'dbt', 'action': 'invocation', 'label': 'start', 'context': [<snowplow_tracker.self_describing_json.SelfDescribingJson object at 0x00000216545D2240>, <snowplow_tracker.self_describing_json.SelfDescribingJson object at 0x00000216545D2180>, <snowplow_tracker.self_describing_json.SelfDescribingJson object at 0x0000021651696E70>]}


============================== 20:51:26.686039 | c0ada634-41fd-4d9b-b7c9-2fc6b1301ce5 ==============================
[0m20:51:26.686039 [info ] [MainThread]: Running with dbt=1.8.3
[0m20:51:26.689040 [debug] [MainThread]: running dbt with arguments {'printer_width': '80', 'indirect_selection': 'eager', 'log_cache_events': 'False', 'write_json': 'True', 'partial_parse': 'True', 'cache_selected_only': 'False', 'profiles_dir': 'C:\\Users\\Admin\\.dbt', 'debug': 'False', 'warn_error': 'None', 'log_path': 'logs', 'version_check': 'True', 'fail_fast': 'False', 'use_colors': 'True', 'use_experimental_parser': 'False', 'no_print': 'None', 'quiet': 'False', 'empty': 'None', 'log_format': 'default', 'invocation_command': 'dbt debug', 'introspect': 'True', 'static_parser': 'True', 'target_path': 'None', 'warn_error_options': 'WarnErrorOptions(include=[], exclude=[])', 'send_anonymous_usage_stats': 'True'}
[0m20:51:26.798242 [info ] [MainThread]: dbt version: 1.8.3
[0m20:51:26.798857 [info ] [MainThread]: python version: 3.12.2
[0m20:51:26.799751 [info ] [MainThread]: python path: D:\week_4\.venv\Scripts\python.exe
[0m20:51:26.800750 [info ] [MainThread]: os info: Windows-11-10.0.22631-SP0
[0m20:51:26.801750 [info ] [MainThread]: Using profiles dir at C:\Users\Admin\.dbt
[0m20:51:26.801750 [info ] [MainThread]: Using profiles.yml file at C:\Users\Admin\.dbt\profiles.yml
[0m20:51:26.802776 [info ] [MainThread]: Using dbt_project.yml file at D:\week_4\dbt_project.yml
[0m20:51:26.803765 [info ] [MainThread]: Configuration:
[0m20:51:26.804751 [info ] [MainThread]:   profiles.yml file [[31mERROR not found[0m]
[0m20:51:26.805751 [info ] [MainThread]:   dbt_project.yml file [[31mERROR not found[0m]
[0m20:51:26.805751 [info ] [MainThread]: Required dependencies:
[0m20:51:26.806751 [debug] [MainThread]: Executing "git --help"
[0m20:51:26.963922 [debug] [MainThread]: STDOUT: "b"usage: git [-v | --version] [-h | --help] [-C <path>] [-c <name>=<value>]\n           [--exec-path[=<path>]] [--html-path] [--man-path] [--info-path]\n           [-p | --paginate | -P | --no-pager] [--no-replace-objects] [--bare]\n           [--git-dir=<path>] [--work-tree=<path>] [--namespace=<name>]\n           [--config-env=<name>=<envvar>] <command> [<args>]\n\nThese are common Git commands used in various situations:\n\nstart a working area (see also: git help tutorial)\n   clone     Clone a repository into a new directory\n   init      Create an empty Git repository or reinitialize an existing one\n\nwork on the current change (see also: git help everyday)\n   add       Add file contents to the index\n   mv        Move or rename a file, a directory, or a symlink\n   restore   Restore working tree files\n   rm        Remove files from the working tree and from the index\n\nexamine the history and state (see also: git help revisions)\n   bisect    Use binary search to find the commit that introduced a bug\n   diff      Show changes between commits, commit and working tree, etc\n   grep      Print lines matching a pattern\n   log       Show commit logs\n   show      Show various types of objects\n   status    Show the working tree status\n\ngrow, mark and tweak your common history\n   branch    List, create, or delete branches\n   commit    Record changes to the repository\n   merge     Join two or more development histories together\n   rebase    Reapply commits on top of another base tip\n   reset     Reset current HEAD to the specified state\n   switch    Switch branches\n   tag       Create, list, delete or verify a tag object signed with GPG\n\ncollaborate (see also: git help workflows)\n   fetch     Download objects and refs from another repository\n   pull      Fetch from and integrate with another repository or a local branch\n   push      Update remote refs along with associated objects\n\n'git help -a' and 'git help -g' list available subcommands and some\nconcept guides. See 'git help <command>' or 'git help <concept>'\nto read about a specific subcommand or concept.\nSee 'git help git' for an overview of the system.\n""
[0m20:51:26.964921 [debug] [MainThread]: STDERR: "b''"
[0m20:51:26.965922 [info ] [MainThread]:  - git [[32mOK found[0m]

[0m20:51:26.967917 [info ] [MainThread]: Connection test skipped since no profile was found
[0m20:51:26.970205 [info ] [MainThread]: [31m2 checks failed:[0m
[0m20:51:26.971205 [info ] [MainThread]: dbt looked for a profiles.yml file in C:\Users\Admin\.dbt\profiles.yml, but did
not find one. For more information on configuring your profile, consult the
documentation:

https://docs.getdbt.com/docs/configure-your-profile


[0m20:51:26.974208 [info ] [MainThread]: Project loading failed for the following reason:
 project path <D:\week_4\dbt_project.yml> not found

[0m20:51:26.978908 [debug] [MainThread]: Command `dbt debug` failed at 20:51:26.977211 after 0.84 seconds
[0m20:51:26.979757 [debug] [MainThread]: Sending event: {'category': 'dbt', 'action': 'invocation', 'label': 'end', 'context': [<snowplow_tracker.self_describing_json.SelfDescribingJson object at 0x00000216543D8500>, <snowplow_tracker.self_describing_json.SelfDescribingJson object at 0x000002164E512450>, <snowplow_tracker.self_describing_json.SelfDescribingJson object at 0x0000021653F0D5B0>]}
[0m20:51:26.982770 [debug] [MainThread]: Flushing usage events
[0m14:03:37.934324 [debug] [MainThread]: Sending event: {'category': 'dbt', 'action': 'invocation', 'label': 'start', 'context': [<snowplow_tracker.self_describing_json.SelfDescribingJson object at 0x0000026208181610>, <snowplow_tracker.self_describing_json.SelfDescribingJson object at 0x00000262081833B0>, <snowplow_tracker.self_describing_json.SelfDescribingJson object at 0x0000026208455820>]}


============================== 14:03:37.949958 | 222fbaaa-c617-43a4-a750-c1771ad7e011 ==============================
[0m14:03:37.949958 [info ] [MainThread]: Running with dbt=1.8.3
[0m14:03:37.949958 [debug] [MainThread]: running dbt with arguments {'printer_width': '80', 'indirect_selection': 'eager', 'write_json': 'True', 'log_cache_events': 'False', 'partial_parse': 'True', 'cache_selected_only': 'False', 'profiles_dir': './', 'fail_fast': 'False', 'warn_error': 'None', 'log_path': 'logs', 'version_check': 'True', 'debug': 'False', 'use_colors': 'True', 'use_experimental_parser': 'False', 'no_print': 'None', 'quiet': 'False', 'empty': 'None', 'warn_error_options': 'WarnErrorOptions(include=[], exclude=[])', 'invocation_command': 'dbt docs generate --profiles-dir ./ --project-dir .', 'log_format': 'default', 'introspect': 'True', 'target_path': 'None', 'static_parser': 'True', 'send_anonymous_usage_stats': 'True'}
[0m14:03:37.949958 [error] [MainThread]: Encountered an error:
Runtime Error
  No dbt_project.yml found at expected path .\dbt_project.yml
  Verify that each entry within packages.yml (and their transitive dependencies) contains a file named dbt_project.yml
  
[0m14:03:37.949958 [debug] [MainThread]: Command `dbt docs generate` failed at 14:03:37.949958 after 0.20 seconds
[0m14:03:37.949958 [debug] [MainThread]: Sending event: {'category': 'dbt', 'action': 'invocation', 'label': 'end', 'context': [<snowplow_tracker.self_describing_json.SelfDescribingJson object at 0x0000026207D22FC0>, <snowplow_tracker.self_describing_json.SelfDescribingJson object at 0x0000026207D204D0>, <snowplow_tracker.self_describing_json.SelfDescribingJson object at 0x0000026208101670>]}
[0m14:03:37.949958 [debug] [MainThread]: Flushing usage events
[0m14:03:42.410619 [debug] [MainThread]: Sending event: {'category': 'dbt', 'action': 'invocation', 'label': 'start', 'context': [<snowplow_tracker.self_describing_json.SelfDescribingJson object at 0x000001F164D0EC60>, <snowplow_tracker.self_describing_json.SelfDescribingJson object at 0x000001F164D0EC90>, <snowplow_tracker.self_describing_json.SelfDescribingJson object at 0x000001F164D0D460>]}


============================== 14:03:42.410619 | 8567960e-35ba-44a2-b473-73276bee70f4 ==============================
[0m14:03:42.410619 [info ] [MainThread]: Running with dbt=1.8.3
[0m14:03:42.410619 [debug] [MainThread]: running dbt with arguments {'printer_width': '80', 'indirect_selection': 'eager', 'log_cache_events': 'False', 'write_json': 'True', 'partial_parse': 'True', 'cache_selected_only': 'False', 'profiles_dir': './', 'version_check': 'True', 'fail_fast': 'False', 'log_path': 'logs', 'debug': 'False', 'warn_error': 'None', 'use_colors': 'True', 'use_experimental_parser': 'False', 'no_print': 'None', 'quiet': 'False', 'empty': 'None', 'warn_error_options': 'WarnErrorOptions(include=[], exclude=[])', 'introspect': 'True', 'invocation_command': 'dbt docs serve --profiles-dir ./ --project-dir .', 'static_parser': 'True', 'target_path': 'None', 'log_format': 'default', 'send_anonymous_usage_stats': 'True'}
[0m14:03:42.410619 [error] [MainThread]: Encountered an error:
Runtime Error
  No dbt_project.yml found at expected path .\dbt_project.yml
  Verify that each entry within packages.yml (and their transitive dependencies) contains a file named dbt_project.yml
  
[0m14:03:42.426352 [debug] [MainThread]: Command `dbt docs serve` failed at 14:03:42.426352 after 0.17 seconds
[0m14:03:42.426624 [debug] [MainThread]: Sending event: {'category': 'dbt', 'action': 'invocation', 'label': 'end', 'context': [<snowplow_tracker.self_describing_json.SelfDescribingJson object at 0x000001F164996FF0>, <snowplow_tracker.self_describing_json.SelfDescribingJson object at 0x000001F164C05850>, <snowplow_tracker.self_describing_json.SelfDescribingJson object at 0x000001F164CF7740>]}
[0m14:03:42.426624 [debug] [MainThread]: Flushing usage events
